<?xml version="1.0" encoding="UTF-8"?>
<testsuite xmlns:xsi="http://www.w3.org/2001/XMLSchema-instance" xsi:noNamespaceSchemaLocation="https://maven.apache.org/surefire/maven-surefire-plugin/xsd/surefire-test-report.xsd" name="ru.netology.javaqadiplom.SavingAccountTest" time="0.621" tests="20" errors="0" skipped="0" failures="0">
  <properties>
[...]
</properties>
  <testcase name="initialExceptionLessMinBalance" classname="ru.netology.javaqadiplom.SavingAccountTest" time="0.002"/>
  <testcase name="yearPercentZeroBalance" classname="ru.netology.javaqadiplom.SavingAccountTest" time="0.011"/>
  <testcase name="payAmount" classname="ru.netology.javaqadiplom.SavingAccountTest" time="0.006"/>
  <testcase name="addAmountLessZero" classname="ru.netology.javaqadiplom.SavingAccountTest" time="0.038"/>
  <testcase name="addAmountLessMaxBalance" classname="ru.netology.javaqadiplom.SavingAccountTest" time="0.011"/>
  <testcase name="addAmount" classname="ru.netology.javaqadiplom.SavingAccountTest" time="0.002"/>
  <testcase name="addAmountMoreMaxBalance" classname="ru.netology.javaqadiplom.SavingAccountTest" time="0.009"/>
  <testcase name="initialExceptionMoreMaxBalance" classname="ru.netology.javaqadiplom.SavingAccountTest" time="0.007"/>
  <testcase name="payAmountMinBalance" classname="ru.netology.javaqadiplom.SavingAccountTest" time="0.003"/>
  <testcase name="addAmountMaxBalance" classname="ru.netology.javaqadiplom.SavingAccountTest" time="0.002"/>
  <testcase name="payAmountLessZero" classname="ru.netology.javaqadiplom.SavingAccountTest" time="0.021"/>
  <testcase name="initialExceptionNegativMinBalance" classname="ru.netology.javaqadiplom.SavingAccountTest" time="0.063"/>
  <testcase name="payAmountLessMinBalance" classname="ru.netology.javaqadiplom.SavingAccountTest" time="0.001"/>
  <testcase name="initialExceptionNegativeRate" classname="ru.netology.javaqadiplom.SavingAccountTest" time="0"/>
  <testcase name="initialBalance" classname="ru.netology.javaqadiplom.SavingAccountTest" time="0.056"/>
  <testcase name="payAmountMoreMinBalance" classname="ru.netology.javaqadiplom.SavingAccountTest" time="0.004"/>
  <testcase name="initialExceptionNegativeBalance" classname="ru.netology.javaqadiplom.SavingAccountTest" time="0.005"/>
  <testcase name="initialExceptionMinMoreMaxBalance" classname="ru.netology.javaqadiplom.SavingAccountTest" time="0.005"/>
  <testcase name="initialExceptionMaxLessMinBalance" classname="ru.netology.javaqadiplom.SavingAccountTest" time="0.006"/>
  <testcase name="yearPercent" classname="ru.netology.javaqadiplom.SavingAccountTest" time="0.042"/>
</testsuite>